<?xml version="1.0" encoding="UTF-8"?>
<testsuite xmlns:xsi="http://www.w3.org/2001/XMLSchema-instance" xsi:noNamespaceSchemaLocation="https://maven.apache.org/surefire/maven-surefire-plugin/xsd/surefire-test-report.xsd" name="com.test.AppTest" time="0.062" tests="1" errors="0" skipped="0" failures="0">
  <properties>
    <property name="java.specification.version" value="16"/>
    <property name="sun.cpu.isalist" value="amd64"/>
    <property name="sun.jnu.encoding" value="MS950"/>
    <property name="java.class.path" value="C:\Users\a3028\Google 雲端硬碟\備份\程式\Java\實作\Random_Generator\target\test-classes;C:\Users\a3028\Google 雲端硬碟\備份\程式\Java\實作\Random_Generator\target\classes;C:\Users\a3028\.m2\repository\junit\junit\4.11\junit-4.11.jar;C:\Users\a3028\.m2\repository\org\hamcrest\hamcrest-core\1.3\hamcrest-core-1.3.jar;"/>
    <property name="java.vm.vendor" value="Oracle Corporation"/>
    <property name="sun.arch.data.model" value="64"/>
    <property name="user.variant" value=""/>
    <property name="java.vendor.url" value="https://java.oracle.com/"/>
    <property name="user.timezone" value="Asia/Taipei"/>
    <property name="os.name" value="Windows 10"/>
    <property name="java.vm.specification.version" value="16"/>
    <property name="sun.java.launcher" value="SUN_STANDARD"/>
    <property name="user.country" value="TW"/>
    <property name="sun.boot.library.path" value="C:\Program Files\Java\jdk-16\bin"/>
    <property name="sun.java.command" value="C:\Users\a3028\AppData\Local\Temp\surefire5100054881993675725\surefirebooter5399376708594482053.jar C:\Users\a3028\AppData\Local\Temp\surefire5100054881993675725 2021-07-13T22-50-41_089-jvmRun1 surefire17565340520264819365tmp surefire_03116076123315706413tmp"/>
    <property name="jdk.debug" value="release"/>
    <property name="surefire.test.class.path" value="C:\Users\a3028\Google 雲端硬碟\備份\程式\Java\實作\Random_Generator\target\test-classes;C:\Users\a3028\Google 雲端硬碟\備份\程式\Java\實作\Random_Generator\target\classes;C:\Users\a3028\.m2\repository\junit\junit\4.11\junit-4.11.jar;C:\Users\a3028\.m2\repository\org\hamcrest\hamcrest-core\1.3\hamcrest-core-1.3.jar;"/>
    <property name="sun.cpu.endian" value="little"/>
    <property name="user.home" value="C:\Users\a3028"/>
    <property name="user.language" value="zh"/>
    <property name="java.specification.vendor" value="Oracle Corporation"/>
    <property name="java.version.date" value="2021-03-16"/>
    <property name="java.home" value="C:\Program Files\Java\jdk-16"/>
    <property name="file.separator" value="\"/>
    <property name="basedir" value="C:\Users\a3028\Google 雲端硬碟\備份\程式\Java\實作\Random_Generator"/>
    <property name="java.vm.compressedOopsMode" value="32-bit"/>
    <property name="line.separator" value="&#10;"/>
    <property name="java.vm.specification.vendor" value="Oracle Corporation"/>
    <property name="java.specification.name" value="Java Platform API Specification"/>
    <property name="surefire.real.class.path" value="C:\Users\a3028\AppData\Local\Temp\surefire5100054881993675725\surefirebooter5399376708594482053.jar"/>
    <property name="user.script" value=""/>
    <property name="sun.management.compiler" value="HotSpot 64-Bit Tiered Compilers"/>
    <property name="java.runtime.version" value="16+36-2231"/>
    <property name="user.name" value="a3028"/>
    <property name="path.separator" value=";"/>
    <property name="os.version" value="10.0"/>
    <property name="java.runtime.name" value="OpenJDK Runtime Environment"/>
    <property name="file.encoding" value="MS950"/>
    <property name="java.vm.name" value="OpenJDK 64-Bit Server VM"/>
    <property name="localRepository" value="C:\Users\a3028\.m2\repository"/>
    <property name="java.vendor.url.bug" value="https://bugreport.java.com/bugreport/"/>
    <property name="java.io.tmpdir" value="C:\Users\a3028\AppData\Local\Temp\"/>
    <property name="idea.version" value="2021.1.3"/>
    <property name="java.version" value="16"/>
    <property name="user.dir" value="C:\Users\a3028\Google 雲端硬碟\備份\程式\Java\實作\Random_Generator"/>
    <property name="os.arch" value="amd64"/>
    <property name="java.vm.specification.name" value="Java Virtual Machine Specification"/>
    <property name="sun.os.patch.level" value=""/>
    <property name="java.library.path" value="C:\Program Files\Java\jdk-16\bin;C:\Windows\Sun\Java\bin;C:\Windows\system32;C:\Windows;C:\Program Files (x86)\Common Files\Oracle\Java\javapath;C:\Windows\system32;C:\Windows;C:\Windows\System32\Wbem;C:\Windows\System32\WindowsPowerShell\v1.0\;C:\Windows\System32\OpenSSH\;C:\Program Files\Java\jdk-16\bin;C:\Program Files\dotnet\;C:\Users\a3028\AppData\Local\Programs\Python\Python39\Scripts\;C:\Users\a3028\AppData\Local\Programs\Python\Python39\;C:\Users\a3028\AppData\Local\Microsoft\WindowsApps;C:\Users\a3028\AppData\Local\Programs\Microsoft VS Code\bin;C:\MinGW\bin;C:\Program Files\apache-maven-3.8.1\bin;C:\Program Files\Java\graalvm-21.1.0\bin;C:\Program Files (x86)\Microsoft Visual Studio\2019\BuildTools\VC\Tools\MSVC\14.29.30037\bin\Hostx64\x64;C:\Program Files (x86)\Microsoft Visual Studio\2019\BuildTools\VC\Auxiliary\Build;C:\Users\a3028\AppData\Local\Programs\Python\Python39\Scripts\;C:\Users\a3028\AppData\Local\Programs\Python\Python39\;C:\Users\a3028\AppData\Local\Microsoft\WindowsApps;C:\Users\a3028\AppData\Local\Programs\Microsoft VS Code\bin;C:\MinGW\bin;C:\Program Files\Java\jdk-16\bin;C:\Program Files\apache-maven-3.8.1\bin;C:\Program Files (x86)\Microsoft Visual Studio\2019\BuildTools;;."/>
    <property name="java.vm.info" value="mixed mode, sharing"/>
    <property name="java.vendor" value="Oracle Corporation"/>
    <property name="java.vm.version" value="16+36-2231"/>
    <property name="sun.io.unicode.encoding" value="UnicodeLittle"/>
    <property name="java.class.version" value="60.0"/>
  </properties>
  <testcase name="shouldAnswerWithTrue" classname="com.test.AppTest" time="0.004"/>
</testsuite>